The target system is: Generic - 3.0.0 - arm
The host system is: Darwin - 20.6.0 - x86_64
Compiling the C compiler identification source file "CMakeCCompilerId.c" succeeded.
Compiler: /Users/vallyashov/Documents/gcc-arm-none-eabi-8-2019-q3-update/bin/arm-none-eabi-gcc 
Build flags: 
Id flags: -c 

The output was:
0


Compilation of the C compiler identification source "CMakeCCompilerId.c" produced "CMakeCCompilerId.o"

The C compiler identification is GNU, found in "/Users/vallyashov/study/keebs/dactyl-alps-zmk/firmware/config/boards/shields/dactyl_alps/build/CMakeFiles/3.23.0/CompilerIdC/CMakeCCompilerId.o"

Compiling the CXX compiler identification source file "CMakeCXXCompilerId.cpp" succeeded.
Compiler: /Users/vallyashov/Documents/gcc-arm-none-eabi-8-2019-q3-update/bin/arm-none-eabi-g++ 
Build flags: 
Id flags: -c 

The output was:
0


Compilation of the CXX compiler identification source "CMakeCXXCompilerId.cpp" produced "CMakeCXXCompilerId.o"

The CXX compiler identification is GNU, found in "/Users/vallyashov/study/keebs/dactyl-alps-zmk/firmware/config/boards/shields/dactyl_alps/build/CMakeFiles/3.23.0/CompilerIdCXX/CMakeCXXCompilerId.o"

Checking whether the ASM compiler is GNU using "--version" matched "(GNU assembler)|(GCC)|(Free Software Foundation)":
arm-none-eabi-gcc (GNU Tools for Arm Embedded Processors 8-2019-q3-update) 8.3.1 20190703 (release) [gcc-8-branch revision 273027]
Copyright (C) 2018 Free Software Foundation, Inc.
This is free software; see the source for copying conditions.  There is NO
warranty; not even for MERCHANTABILITY or FITNESS FOR A PARTICULAR PURPOSE.

